<?xml version="1.0" encoding="UTF-8"?>
<!-- Generated by org.testng.reporters.JUnitReportReporter -->
<testsuite skipped="0" hostname="MAC13400581.local" name="org.automation.UnDosTres.testcases.TC_001VerifyRechargeFlow" tests="1" failures="0" timestamp="2022-08-30T15:05:53 IST" time="52.989" errors="0">
  <testcase name="test" time="52.989" classname="org.automation.UnDosTres.testcases.TC_001VerifyRechargeFlow"/>
  <system-out/>
</testsuite> <!-- org.automation.UnDosTres.testcases.TC_001VerifyRechargeFlow -->
