<?xml version="1.0" encoding="UTF-8"?>
<!-- Generated by org.testng.reporters.JUnitReportReporter -->
<testsuite skipped="0" hostname="MAC13400581.local" name="org.automation.UnDosTres.testcases.TC_001VerifyRechargeFlow" tests="1" failures="0" timestamp="2022-09-01T00:05:31 IST" time="32.856" errors="0">
  <testcase name="test" time="32.856" classname="org.automation.UnDosTres.testcases.TC_001VerifyRechargeFlow"/>
  <system-out/>
</testsuite> <!-- org.automation.UnDosTres.testcases.TC_001VerifyRechargeFlow -->
